# Logfile created on 2017-04-24 18:44:56 +0000 by logger.rb/56438
[2017-04-24T18:44:56+00:00] INFO: Started chef-zero at chefzero://localhost:8889 with repository at /opt/gitlab/embedded
  One version per cookbook

[2017-04-24T18:44:56+00:00] INFO: Forking chef instance to converge...
[2017-04-24T18:44:56+00:00] INFO: *** Chef 12.12.15 ***
[2017-04-24T18:44:56+00:00] INFO: Platform: x86_64-linux
[2017-04-24T18:44:56+00:00] INFO: Chef-client pid: 25
[2017-04-24T18:44:57+00:00] WARN: unable to detect ipaddress
[2017-04-24T18:44:58+00:00] INFO: HTTP Request Returned 404 Not Found: Object not found: chefzero://localhost:8889/nodes/5feb55bb3c3b
[2017-04-24T18:44:58+00:00] INFO: Setting the run_list to ["recipe[gitlab]"] from CLI options
[2017-04-24T18:44:58+00:00] INFO: Run List is [recipe[gitlab]]
[2017-04-24T18:44:58+00:00] INFO: Run List expands to [gitlab]
[2017-04-24T18:44:58+00:00] INFO: Starting Chef Run for 5feb55bb3c3b
[2017-04-24T18:44:58+00:00] INFO: Running start handlers
[2017-04-24T18:44:58+00:00] INFO: Start handlers complete.
[2017-04-24T18:44:58+00:00] INFO: HTTP Request Returned 404 Not Found: Object not found: 
[2017-04-24T18:44:58+00:00] INFO: Loading cookbooks [gitlab@0.0.1, runit@0.14.2, package@0.0.0]
[2017-04-24T18:44:58+00:00] WARN: Skipped selecting an init system because it looks like we are running in a container
[2017-04-24T18:44:59+00:00] INFO: Running queued delayed notifications before re-raising exception
[2017-04-24T18:44:59+00:00] ERROR: Running exception handlers
[2017-04-24T18:44:59+00:00] ERROR: Exception handlers complete
[2017-04-24T18:44:59+00:00] FATAL: Stacktrace dumped to /opt/gitlab/embedded/cookbooks/cache/chef-stacktrace.out
[2017-04-24T18:44:59+00:00] FATAL: Please provide the contents of the stacktrace.out file if you file a bug report
[2017-04-24T18:44:59+00:00] ERROR: ruby_block[directory resource: /var/opt/gitlab/git-data/repositories] (gitlab::gitlab-shell line 26) had an error: Mixlib::ShellOut::ShellCommandFailed: Failed asserting that mode permissions on "/var/opt/gitlab/git-data/repositories" is 2770
---- Begin output of set -x && [ "$(stat --printf='%04a' $(readlink -f /var/opt/gitlab/git-data/repositories) | grep -o '....$')" = '2770' ] ----
STDOUT: 
STDERR: + grep -o ....$
+ readlink -f /var/opt/gitlab/git-data/repositories
+ stat --printf=%04a /var/opt/gitlab/git-data/repositories
+ [ 0770 = 2770 ]
---- End output of set -x && [ "$(stat --printf='%04a' $(readlink -f /var/opt/gitlab/git-data/repositories) | grep -o '....$')" = '2770' ] ----
Ran set -x && [ "$(stat --printf='%04a' $(readlink -f /var/opt/gitlab/git-data/repositories) | grep -o '....$')" = '2770' ] returned 1
[2017-04-24T18:44:59+00:00] FATAL: Chef::Exceptions::ChildConvergeError: Chef run process exited unsuccessfully (exit code 1)
